2021/01/20 15:16:16 [error] 30#30: *2 open() "/var/www/html/NingxiTest/apple-touch-icon-precomposed.png" failed (2: No such file or directory), client: 172.16.0.1, server: localhost, request: "GET /apple-touch-icon-precomposed.png HTTP/1.1", host: "localhost"
2021/01/20 15:16:16 [error] 30#30: *2 open() "/var/www/html/NingxiTest/apple-touch-icon.png" failed (2: No such file or directory), client: 172.16.0.1, server: localhost, request: "GET /apple-touch-icon.png HTTP/1.1", host: "localhost"
2021/01/20 15:16:16 [error] 30#30: *3 open() "/var/www/html/NingxiTest/favicon.ico" failed (2: No such file or directory), client: 172.16.0.1, server: localhost, request: "GET /favicon.ico HTTP/1.1", host: "localhost", referrer: "http://localhost/"
2022/05/11 10:08:30 [notice] 1#1: using the "epoll" event method
2022/05/11 10:08:30 [notice] 1#1: nginx/1.21.6
2022/05/11 10:08:30 [notice] 1#1: built by gcc 10.2.1 20210110 (Debian 10.2.1-6) 
2022/05/11 10:08:30 [notice] 1#1: OS: Linux 5.10.47-linuxkit
2022/05/11 10:08:30 [notice] 1#1: getrlimit(RLIMIT_NOFILE): 1048576:1048576
2022/05/11 10:08:30 [notice] 1#1: start worker processes
2022/05/11 10:08:30 [notice] 1#1: start worker process 30
2022/05/11 10:08:30 [notice] 1#1: start worker process 31
2022/05/11 10:08:30 [notice] 1#1: start worker process 32
2022/05/11 10:08:30 [notice] 1#1: start worker process 33
2022/05/11 10:10:38 [error] 30#30: *1 open() "/var/www/html/NingxiTest/favicon.ico" failed (2: No such file or directory), client: 172.16.0.1, server: localhost, request: "GET /favicon.ico HTTP/1.1", host: "localhost", referrer: "http://localhost/"
2022/05/12 11:22:18 [notice] 1#1: using the "epoll" event method
2022/05/12 11:22:18 [notice] 1#1: nginx/1.21.6
2022/05/12 11:22:18 [notice] 1#1: built by gcc 10.2.1 20210110 (Debian 10.2.1-6) 
2022/05/12 11:22:18 [notice] 1#1: OS: Linux 5.10.47-linuxkit
2022/05/12 11:22:18 [notice] 1#1: getrlimit(RLIMIT_NOFILE): 1048576:1048576
2022/05/12 11:22:18 [notice] 1#1: start worker processes
2022/05/12 11:22:18 [notice] 1#1: start worker process 31
2022/05/12 11:22:18 [notice] 1#1: start worker process 32
2022/05/12 11:22:18 [notice] 1#1: start worker process 33
2022/05/12 11:22:18 [notice] 1#1: start worker process 34
